Using pre-set license

 COMMAND LINE ARGUMENTS:
/Applications/Unity/Hub/Editor/2020.3.4f1/Unity.app/Contents/MacOS/Unity
-adb2
-batchMode
-noUpm
-name
AssetImportWorker0
-projectPath
/Users/luke/Documents/GitHub/Bulldog Run
-logFile
Logs/AssetImportWorker0.log
-srvPort
55162
Successfully changed project path to: /Users/luke/Documents/GitHub/Bulldog Run
/Users/luke/Documents/GitHub/Bulldog Run
Using Asset Import Pipeline V2.
Refreshing native plugins compatible for Editor in 38.04 ms, found 2 plugins.
Preloading 0 native plugins for Editor in 0.00 ms.
Initialize engine version: 2020.3.4f1 (0abb6314276a)
[Subsystems] Discovering subsystems at path /Applications/Unity/Hub/Editor/2020.3.4f1/Unity.app/Contents/Resources/UnitySubsystems
[Subsystems] Discovering subsystems at path /Users/luke/Documents/GitHub/Bulldog Run/Assets
GfxDevice: creating device client; threaded=0
2021-05-11 16:40:16.085 Unity[44584:21396306] Color LCD preferred device: AMD Radeon Pro 555X (high power)
2021-05-11 16:40:16.085 Unity[44584:21396306] Metal devices available: 2
2021-05-11 16:40:16.085 Unity[44584:21396306] 0: AMD Radeon Pro 555X (high power)
2021-05-11 16:40:16.085 Unity[44584:21396306] 1: Intel(R) UHD Graphics 630 (low power)
2021-05-11 16:40:16.085 Unity[44584:21396306] Using device AMD Radeon Pro 555X (high power)
Initializing Metal device caps: AMD Radeon Pro 555X
Initialize mono
Mono path[0] = '/Applications/Unity/Hub/Editor/2020.3.4f1/Unity.app/Contents/Managed'
Mono path[1] = '/Applications/Unity/Hub/Editor/2020.3.4f1/Unity.app/Contents/MonoBleedingEdge/lib/mono/unityjit'
Mono config path = '/Applications/Unity/Hub/Editor/2020.3.4f1/Unity.app/Contents/MonoBleedingEdge/etc'
Using monoOptions --debugger-agent=transport=dt_socket,embedding=1,server=y,suspend=n,address=127.0.0.1:56584
Begin MonoManager ReloadAssembly
Registering precompiled unity dll's ...
Register platform support module: /Applications/Unity/Hub/Editor/2020.3.4f1/PlaybackEngines/WebGLSupport/UnityEditor.WebGL.Extensions.dll
Register platform support module: /Applications/Unity/Hub/Editor/2020.3.4f1/Unity.app/Contents/PlaybackEngines/MacStandaloneSupport/UnityEditor.OSXStandalone.Extensions.dll
Registered in 0.000628 seconds.
Native extension for OSXStandalone target not found
Native extension for WebGL target not found
Refreshing native plugins compatible for Editor in 33.13 ms, found 2 plugins.
Preloading 0 native plugins for Editor in 0.00 ms.
Mono: successfully reloaded assembly
- Completed reload, in  1.427 seconds
Platform modules already initialized, skipping
Registering precompiled user dll's ...
Registered in 0.000523 seconds.
Begin MonoManager ReloadAssembly
Native extension for OSXStandalone target not found
Native extension for WebGL target not found
Refreshing native plugins compatible for Editor in 32.47 ms, found 2 plugins.
Preloading 0 native plugins for Editor in 0.00 ms.
Mono: successfully reloaded assembly
- Completed reload, in  1.080 seconds
Platform modules already initialized, skipping
========================================================================
Worker process is ready to serve import requests
Launching external process: /Applications/Unity/Hub/Editor/2020.3.4f1/Unity.app/Contents/Tools/UnityShaderCompiler
Launched and connected shader compiler UnityShaderCompiler after 0.01 seconds
Refreshing native plugins compatible for Editor in 0.35 ms, found 2 plugins.
Preloading 0 native plugins for Editor in 0.00 ms.
Unloading 1830 Unused Serialized files (Serialized files now loaded: 0)
System memory in use before: 144.3 MB.
System memory in use after: 144.3 MB.

Unloading 24 unused Assets to reduce memory usage. Loaded Objects now: 2275.
Total: 2.911009 ms (FindLiveObjects: 0.331381 ms CreateObjectMapping: 0.149303 ms MarkObjects: 2.269820 ms  DeleteObjects: 0.158474 ms)

========================================================================
Received Import Request.
  path: Assets/Sprites/Bulldog.psd
  artifactKey: Guid(b2ad661958d1747338aae51f55e1f39e) Importer(815301076,1909f56bfc062723c751e8b465ee728b)
Start importing Assets/Sprites/Bulldog.psd using Guid(b2ad661958d1747338aae51f55e1f39e) Importer(815301076,1909f56bfc062723c751e8b465ee728b)  -> (artifact id: '0d2689698d7b5c9d0752f560d3558442') in 0.458257 seconds
  Import took 0.462418 seconds .

========================================================================
Received Import Request.
  Time since last request: 0.039742 seconds.
  path: Assets/Sprites/Bulldog.psd
  artifactKey: Guid(b2ad661958d1747338aae51f55e1f39e) Importer(815301076,1909f56bfc062723c751e8b465ee728b)
Start importing Assets/Sprites/Bulldog.psd using Guid(b2ad661958d1747338aae51f55e1f39e) Importer(815301076,1909f56bfc062723c751e8b465ee728b)  -> (artifact id: '0d2689698d7b5c9d0752f560d3558442') in 0.051471 seconds
  Import took 0.054403 seconds .

========================================================================
Received Import Request.
  Time since last request: 155.760120 seconds.
  path: Assets/Sprites/Bulldog.psd
  artifactKey: Guid(b2ad661958d1747338aae51f55e1f39e) Importer(815301076,1909f56bfc062723c751e8b465ee728b)
Start importing Assets/Sprites/Bulldog.psd using Guid(b2ad661958d1747338aae51f55e1f39e) Importer(815301076,1909f56bfc062723c751e8b465ee728b)  -> (artifact id: '23c0e04e817bf9b59ea1dcf55637204f') in 0.077503 seconds
  Import took 0.080777 seconds .

========================================================================
Received Import Request.
  Time since last request: 23.700532 seconds.
  path: Assets/Animation/Bulldog.controller
  artifactKey: Guid(9beea4e2a357047e38afe23350dce2ab) Importer(815301076,1909f56bfc062723c751e8b465ee728b)
Start importing Assets/Animation/Bulldog.controller using Guid(9beea4e2a357047e38afe23350dce2ab) Importer(815301076,1909f56bfc062723c751e8b465ee728b)  -> (artifact id: '21c8a365f329d05b73c846804b3227ff') in 1.159479 seconds
  Import took 1.162709 seconds .

========================================================================
Received Import Request.
  Time since last request: 0.082145 seconds.
  path: Assets/Animation/Run.anim
  artifactKey: Guid(05aa99ad8946e4f08baf364b5b721e72) Importer(815301076,1909f56bfc062723c751e8b465ee728b)
Start importing Assets/Animation/Run.anim using Guid(05aa99ad8946e4f08baf364b5b721e72) Importer(815301076,1909f56bfc062723c751e8b465ee728b)  -> (artifact id: '188c52a9474163b16768af580319cff9') in 0.338395 seconds
  Import took 0.341311 seconds .

========================================================================
Received Import Request.
  Time since last request: 462.339941 seconds.
  path: Assets/Animation/Bulldog-run.anim
  artifactKey: Guid(98ffd2037ffa0431fae51225bc831c66) Importer(815301076,1909f56bfc062723c751e8b465ee728b)
Start importing Assets/Animation/Bulldog-run.anim using Guid(98ffd2037ffa0431fae51225bc831c66) Importer(815301076,1909f56bfc062723c751e8b465ee728b)  -> (artifact id: '4161bbab57cb54886cea292d79e48f97') in 0.003540 seconds
  Import took 0.006636 seconds .

========================================================================
Received Import Request.
  Time since last request: 10.227112 seconds.
  path: Assets/Scenes/Run.unity
  artifactKey: Guid(2cda990e2423bbf4892e6590ba056729) Importer(815301076,1909f56bfc062723c751e8b465ee728b)
Start importing Assets/Scenes/Run.unity using Guid(2cda990e2423bbf4892e6590ba056729) Importer(815301076,1909f56bfc062723c751e8b465ee728b)  -> (artifact id: '8c88ebc08f24fa2eb2efd753e1ab9212') in 0.001543 seconds
  Import took 0.004893 seconds .

========================================================================
Received Import Request.
  Time since last request: 15971.980987 seconds.
  path: Assets/Prefabs/Bulldog white.prefab
  artifactKey: Guid(4a1289fb5fd104d3489262a6f24f282f) Importer(815301076,1909f56bfc062723c751e8b465ee728b)
Start importing Assets/Prefabs/Bulldog white.prefab using Guid(4a1289fb5fd104d3489262a6f24f282f) Importer(815301076,1909f56bfc062723c751e8b465ee728b)  -> (artifact id: 'ab038d4863970a665d20ecd6ada41bc0') in 0.238937 seconds
  Import took 0.242619 seconds .

========================================================================
Received Prepare
Registering precompiled user dll's ...
Registered in 0.000548 seconds.
Begin MonoManager ReloadAssembly
Native extension for OSXStandalone target not found
Native extension for WebGL target not found
Refreshing native plugins compatible for Editor in 0.43 ms, found 2 plugins.
Preloading 0 native plugins for Editor in 0.00 ms.
Mono: successfully reloaded assembly
- Completed reload, in  0.994 seconds
Platform modules already initialized, skipping
Refreshing native plugins compatible for Editor in 0.40 ms, found 2 plugins.
Preloading 0 native plugins for Editor in 0.00 ms.
Unloading 1825 Unused Serialized files (Serialized files now loaded: 0)
System memory in use before: 167.7 MB.
System memory in use after: 167.7 MB.

Unloading 12 unused Assets to reduce memory usage. Loaded Objects now: 2334.
Total: 2.111893 ms (FindLiveObjects: 0.206223 ms CreateObjectMapping: 0.069134 ms MarkObjects: 1.735983 ms  DeleteObjects: 0.098351 ms)

========================================================================
Received Import Request.
  Time since last request: 418.564117 seconds.
  path: Assets/Music/nightchaser.mp3
  artifactKey: Guid(78e1808e419bc44109f81784a380f180) Importer(815301076,1909f56bfc062723c751e8b465ee728b)
Start importing Assets/Music/nightchaser.mp3 using Guid(78e1808e419bc44109f81784a380f180) Importer(815301076,1909f56bfc062723c751e8b465ee728b)  -> (artifact id: '97ea8c453c154e9b58c1b4334a718eae') in 1.220500 seconds
  Import took 1.224277 seconds .

========================================================================
Received Import Request.
  Time since last request: 66.027546 seconds.
  path: Assets/Scenes/Menu.unity
  artifactKey: Guid(6d39d4467f6464bc1a90869d88f24d7c) Importer(815301076,1909f56bfc062723c751e8b465ee728b)
Start importing Assets/Scenes/Menu.unity using Guid(6d39d4467f6464bc1a90869d88f24d7c) Importer(815301076,1909f56bfc062723c751e8b465ee728b)  -> (artifact id: '5458e343f0ac0f138ecadc0c39b467ca') in 0.001573 seconds
  Import took 0.005979 seconds .

========================================================================
Received Import Request.
  Time since last request: 0.000822 seconds.
  path: Assets/Scenes/Menu.unity
  artifactKey: Guid(6d39d4467f6464bc1a90869d88f24d7c) Importer(815301076,1909f56bfc062723c751e8b465ee728b)
Start importing Assets/Scenes/Menu.unity using Guid(6d39d4467f6464bc1a90869d88f24d7c) Importer(815301076,1909f56bfc062723c751e8b465ee728b)  -> (artifact id: '5458e343f0ac0f138ecadc0c39b467ca') in 0.001312 seconds
  Import took 0.004530 seconds .

========================================================================
Received Prepare
Registering precompiled user dll's ...
Registered in 0.000590 seconds.
Begin MonoManager ReloadAssembly
Native extension for OSXStandalone target not found
Native extension for WebGL target not found
Refreshing native plugins compatible for Editor in 0.32 ms, found 2 plugins.
Preloading 0 native plugins for Editor in 0.00 ms.
Mono: successfully reloaded assembly
- Completed reload, in  0.963 seconds
Platform modules already initialized, skipping
Refreshing native plugins compatible for Editor in 0.31 ms, found 2 plugins.
Preloading 0 native plugins for Editor in 0.00 ms.
Unloading 1825 Unused Serialized files (Serialized files now loaded: 0)
System memory in use before: 172.2 MB.
System memory in use after: 172.2 MB.

Unloading 12 unused Assets to reduce memory usage. Loaded Objects now: 2341.
Total: 2.281934 ms (FindLiveObjects: 0.236555 ms CreateObjectMapping: 0.079127 ms MarkObjects: 1.853387 ms  DeleteObjects: 0.111555 ms)

========================================================================
Received Prepare
Registering precompiled user dll's ...
Registered in 0.000575 seconds.
Begin MonoManager ReloadAssembly
Native extension for OSXStandalone target not found
Native extension for WebGL target not found
Refreshing native plugins compatible for Editor in 0.32 ms, found 2 plugins.
Preloading 0 native plugins for Editor in 0.00 ms.
Mono: successfully reloaded assembly
- Completed reload, in  0.977 seconds
Platform modules already initialized, skipping
Refreshing native plugins compatible for Editor in 0.34 ms, found 2 plugins.
Preloading 0 native plugins for Editor in 0.00 ms.
Unloading 1825 Unused Serialized files (Serialized files now loaded: 0)
System memory in use before: 172.4 MB.
System memory in use after: 172.4 MB.

Unloading 12 unused Assets to reduce memory usage. Loaded Objects now: 2345.
Total: 2.054646 ms (FindLiveObjects: 0.221741 ms CreateObjectMapping: 0.068514 ms MarkObjects: 1.658753 ms  DeleteObjects: 0.104608 ms)

========================================================================
Received Import Request.
  Time since last request: 352.829848 seconds.
  path: Assets/Scenes/Menu.unity
  artifactKey: Guid(6d39d4467f6464bc1a90869d88f24d7c) Importer(815301076,1909f56bfc062723c751e8b465ee728b)
Start importing Assets/Scenes/Menu.unity using Guid(6d39d4467f6464bc1a90869d88f24d7c) Importer(815301076,1909f56bfc062723c751e8b465ee728b)  -> (artifact id: 'a9f27109f342681edf577f601d04ca81') in 0.011469 seconds
  Import took 0.014445 seconds .

========================================================================
Received Import Request.
  Time since last request: 0.003773 seconds.
  path: Assets/Scenes/Menu.unity
  artifactKey: Guid(6d39d4467f6464bc1a90869d88f24d7c) Importer(815301076,1909f56bfc062723c751e8b465ee728b)
Start importing Assets/Scenes/Menu.unity using Guid(6d39d4467f6464bc1a90869d88f24d7c) Importer(815301076,1909f56bfc062723c751e8b465ee728b)  -> (artifact id: 'a9f27109f342681edf577f601d04ca81') in 0.001082 seconds
  Import took 0.004922 seconds .

========================================================================
Received Prepare
Registering precompiled user dll's ...
Registered in 0.000600 seconds.
Begin MonoManager ReloadAssembly
Native extension for OSXStandalone target not found
Native extension for WebGL target not found
Refreshing native plugins compatible for Editor in 0.32 ms, found 2 plugins.
Preloading 0 native plugins for Editor in 0.00 ms.
Mono: successfully reloaded assembly
- Completed reload, in  0.915 seconds
Platform modules already initialized, skipping
Refreshing native plugins compatible for Editor in 0.31 ms, found 2 plugins.
Preloading 0 native plugins for Editor in 0.00 ms.
Unloading 1825 Unused Serialized files (Serialized files now loaded: 0)
System memory in use before: 172.7 MB.
System memory in use after: 172.6 MB.

Unloading 12 unused Assets to reduce memory usage. Loaded Objects now: 2349.
Total: 2.503743 ms (FindLiveObjects: 0.238675 ms CreateObjectMapping: 0.082346 ms MarkObjects: 2.061005 ms  DeleteObjects: 0.120157 ms)

========================================================================
Received Import Request.
  Time since last request: 4280.845129 seconds.
  path: Assets/Prefabs/Bulldog white.prefab
  artifactKey: Guid(4a1289fb5fd104d3489262a6f24f282f) Importer(815301076,1909f56bfc062723c751e8b465ee728b)
Start importing Assets/Prefabs/Bulldog white.prefab using Guid(4a1289fb5fd104d3489262a6f24f282f) Importer(815301076,1909f56bfc062723c751e8b465ee728b)  -> (artifact id: '43a836473dc8d3add6fd932034a07a94') in 0.230066 seconds
  Import took 0.356485 seconds .

========================================================================
Received Import Request.
  Time since last request: 5.019354 seconds.
  path: Assets/Prefabs/Bulldog white.prefab
  artifactKey: Guid(4a1289fb5fd104d3489262a6f24f282f) Importer(815301076,1909f56bfc062723c751e8b465ee728b)
Start importing Assets/Prefabs/Bulldog white.prefab using Guid(4a1289fb5fd104d3489262a6f24f282f) Importer(815301076,1909f56bfc062723c751e8b465ee728b)  -> (artifact id: '0fd80bfd65758f97142e4106a64a2ac3') in 0.032497 seconds
  Import took 0.036288 seconds .

========================================================================
Received Import Request.
  Time since last request: 3.219575 seconds.
  path: Assets/Prefabs/Bulldog white.prefab
  artifactKey: Guid(4a1289fb5fd104d3489262a6f24f282f) Importer(815301076,1909f56bfc062723c751e8b465ee728b)
Start importing Assets/Prefabs/Bulldog white.prefab using Guid(4a1289fb5fd104d3489262a6f24f282f) Importer(815301076,1909f56bfc062723c751e8b465ee728b)  -> (artifact id: '1361795ea678b5565540465d11d84462') in 0.030603 seconds
  Import took 0.034130 seconds .

========================================================================
Received Import Request.
  Time since last request: 19.642494 seconds.
  path: Assets/Prefabs/Bulldog white.prefab
  artifactKey: Guid(4a1289fb5fd104d3489262a6f24f282f) Importer(815301076,1909f56bfc062723c751e8b465ee728b)
Start importing Assets/Prefabs/Bulldog white.prefab using Guid(4a1289fb5fd104d3489262a6f24f282f) Importer(815301076,1909f56bfc062723c751e8b465ee728b)  -> (artifact id: 'aa4c76e63b6572ee86fff4a1791e8f14') in 0.024973 seconds
  Import took 0.028718 seconds .

========================================================================
Received Import Request.
  Time since last request: 3.234684 seconds.
  path: Assets/Prefabs/Bulldog white.prefab
  artifactKey: Guid(4a1289fb5fd104d3489262a6f24f282f) Importer(815301076,1909f56bfc062723c751e8b465ee728b)
Start importing Assets/Prefabs/Bulldog white.prefab using Guid(4a1289fb5fd104d3489262a6f24f282f) Importer(815301076,1909f56bfc062723c751e8b465ee728b)  -> (artifact id: '8bf4c1686e97c7802adb7dee1ca969f2') in 0.027353 seconds
  Import took 0.030428 seconds .

========================================================================
Received Import Request.
  Time since last request: 4.432355 seconds.
  path: Assets/Prefabs/Bulldog white.prefab
  artifactKey: Guid(4a1289fb5fd104d3489262a6f24f282f) Importer(815301076,1909f56bfc062723c751e8b465ee728b)
Start importing Assets/Prefabs/Bulldog white.prefab using Guid(4a1289fb5fd104d3489262a6f24f282f) Importer(815301076,1909f56bfc062723c751e8b465ee728b)  -> (artifact id: '56db94521bf38bfc46e2365109eee89d') in 0.025135 seconds
  Import took 0.029249 seconds .

========================================================================
Received Import Request.
  Time since last request: 4.040371 seconds.
  path: Assets/Prefabs/Bulldog white.prefab
  artifactKey: Guid(4a1289fb5fd104d3489262a6f24f282f) Importer(815301076,1909f56bfc062723c751e8b465ee728b)
Start importing Assets/Prefabs/Bulldog white.prefab using Guid(4a1289fb5fd104d3489262a6f24f282f) Importer(815301076,1909f56bfc062723c751e8b465ee728b)  -> (artifact id: '9415d8991cb7aa1ff13d99baa187cadb') in 0.026041 seconds
  Import took 0.029883 seconds .

========================================================================
Received Import Request.
  Time since last request: 3.420870 seconds.
  path: Assets/Prefabs/Bulldog white.prefab
  artifactKey: Guid(4a1289fb5fd104d3489262a6f24f282f) Importer(815301076,1909f56bfc062723c751e8b465ee728b)
Start importing Assets/Prefabs/Bulldog white.prefab using Guid(4a1289fb5fd104d3489262a6f24f282f) Importer(815301076,1909f56bfc062723c751e8b465ee728b)  -> (artifact id: 'cf7841c9acf2014b80b01c26d9127702') in 0.027463 seconds
  Import took 0.030621 seconds .

========================================================================
Received Import Request.
  Time since last request: 19.607951 seconds.
  path: Assets/Prefabs/Bulldog white.prefab
  artifactKey: Guid(4a1289fb5fd104d3489262a6f24f282f) Importer(815301076,1909f56bfc062723c751e8b465ee728b)
Start importing Assets/Prefabs/Bulldog white.prefab using Guid(4a1289fb5fd104d3489262a6f24f282f) Importer(815301076,1909f56bfc062723c751e8b465ee728b)  -> (artifact id: '3ce941858b37c46d00ca514e2e6c18b7') in 0.030572 seconds
  Import took 0.034066 seconds .

========================================================================
Received Import Request.
  Time since last request: 25.517846 seconds.
  path: Assets/Prefabs/Bulldog white.prefab
  artifactKey: Guid(4a1289fb5fd104d3489262a6f24f282f) Importer(815301076,1909f56bfc062723c751e8b465ee728b)
Start importing Assets/Prefabs/Bulldog white.prefab using Guid(4a1289fb5fd104d3489262a6f24f282f) Importer(815301076,1909f56bfc062723c751e8b465ee728b)  -> (artifact id: 'ca819798fb85afad92ba22afb2f29ce6') in 0.030546 seconds
  Import took 0.033749 seconds .

========================================================================
Received Import Request.
  Time since last request: 14.606162 seconds.
  path: Assets/Prefabs/Bulldog white.prefab
  artifactKey: Guid(4a1289fb5fd104d3489262a6f24f282f) Importer(815301076,1909f56bfc062723c751e8b465ee728b)
Start importing Assets/Prefabs/Bulldog white.prefab using Guid(4a1289fb5fd104d3489262a6f24f282f) Importer(815301076,1909f56bfc062723c751e8b465ee728b)  -> (artifact id: '21313c9a6dab4507aee723f9395009a3') in 0.030434 seconds
  Import took 0.033990 seconds .

========================================================================
Received Import Request.
  Time since last request: 5.427235 seconds.
  path: Assets/Prefabs/Bulldog white.prefab
  artifactKey: Guid(4a1289fb5fd104d3489262a6f24f282f) Importer(815301076,1909f56bfc062723c751e8b465ee728b)
Start importing Assets/Prefabs/Bulldog white.prefab using Guid(4a1289fb5fd104d3489262a6f24f282f) Importer(815301076,1909f56bfc062723c751e8b465ee728b)  -> (artifact id: '281687f6e599dad35256e33eb46fd00e') in 0.027074 seconds
  Import took 0.030406 seconds .

========================================================================
Received Import Request.
  Time since last request: 5.639242 seconds.
  path: Assets/Prefabs/Bulldog white.prefab
  artifactKey: Guid(4a1289fb5fd104d3489262a6f24f282f) Importer(815301076,1909f56bfc062723c751e8b465ee728b)
Start importing Assets/Prefabs/Bulldog white.prefab using Guid(4a1289fb5fd104d3489262a6f24f282f) Importer(815301076,1909f56bfc062723c751e8b465ee728b)  -> (artifact id: '1e0cae24612a0e22e9d35c559193b9d3') in 0.028005 seconds
  Import took 0.031745 seconds .

========================================================================
Received Import Request.
  Time since last request: 5.233539 seconds.
  path: Assets/Prefabs/Bulldog white.prefab
  artifactKey: Guid(4a1289fb5fd104d3489262a6f24f282f) Importer(815301076,1909f56bfc062723c751e8b465ee728b)
Start importing Assets/Prefabs/Bulldog white.prefab using Guid(4a1289fb5fd104d3489262a6f24f282f) Importer(815301076,1909f56bfc062723c751e8b465ee728b)  -> (artifact id: 'cb2231d78f29926fcd1d84144e1f531b') in 0.027732 seconds
  Import took 0.031511 seconds .

========================================================================
Received Import Request.
  Time since last request: 3.822871 seconds.
  path: Assets/Prefabs/Bulldog white.prefab
  artifactKey: Guid(4a1289fb5fd104d3489262a6f24f282f) Importer(815301076,1909f56bfc062723c751e8b465ee728b)
Start importing Assets/Prefabs/Bulldog white.prefab using Guid(4a1289fb5fd104d3489262a6f24f282f) Importer(815301076,1909f56bfc062723c751e8b465ee728b)  -> (artifact id: '5af54f3be688a32092e425521b0d2ba9') in 0.026598 seconds
  Import took 0.030345 seconds .

========================================================================
Received Import Request.
  Time since last request: 2.989456 seconds.
  path: Assets/Prefabs/Bulldog white.prefab
  artifactKey: Guid(4a1289fb5fd104d3489262a6f24f282f) Importer(815301076,1909f56bfc062723c751e8b465ee728b)
Start importing Assets/Prefabs/Bulldog white.prefab using Guid(4a1289fb5fd104d3489262a6f24f282f) Importer(815301076,1909f56bfc062723c751e8b465ee728b)  -> (artifact id: 'df9aa6ee57c8baa4adadac7e4632a69e') in 0.029180 seconds
  Import took 0.033104 seconds .

========================================================================
Received Import Request.
  Time since last request: 102.167972 seconds.
  path: Assets/Prefabs/Bulldog white.prefab
  artifactKey: Guid(4a1289fb5fd104d3489262a6f24f282f) Importer(815301076,1909f56bfc062723c751e8b465ee728b)
Start importing Assets/Prefabs/Bulldog white.prefab using Guid(4a1289fb5fd104d3489262a6f24f282f) Importer(815301076,1909f56bfc062723c751e8b465ee728b)  -> (artifact id: '389bb9ed03296ffead1ddd55e0fa9caa') in 0.030077 seconds
  Import took 0.033858 seconds .

========================================================================
Received Import Request.
  Time since last request: 7.669073 seconds.
  path: Assets/Prefabs/Bulldog white.prefab
  artifactKey: Guid(4a1289fb5fd104d3489262a6f24f282f) Importer(815301076,1909f56bfc062723c751e8b465ee728b)
Start importing Assets/Prefabs/Bulldog white.prefab using Guid(4a1289fb5fd104d3489262a6f24f282f) Importer(815301076,1909f56bfc062723c751e8b465ee728b)  -> (artifact id: '031d768d727ecb95ededef3e088e5674') in 0.027561 seconds
  Import took 0.031153 seconds .

========================================================================
Received Import Request.
  Time since last request: 3.425504 seconds.
  path: Assets/Prefabs/Bulldog white.prefab
  artifactKey: Guid(4a1289fb5fd104d3489262a6f24f282f) Importer(815301076,1909f56bfc062723c751e8b465ee728b)
Start importing Assets/Prefabs/Bulldog white.prefab using Guid(4a1289fb5fd104d3489262a6f24f282f) Importer(815301076,1909f56bfc062723c751e8b465ee728b)  -> (artifact id: '48195b0b7069ba1c2ab4092b8c6c97f8') in 0.027422 seconds
  Import took 0.031043 seconds .

========================================================================
Received Import Request.
  Time since last request: 3.632002 seconds.
  path: Assets/Prefabs/Bulldog white.prefab
  artifactKey: Guid(4a1289fb5fd104d3489262a6f24f282f) Importer(815301076,1909f56bfc062723c751e8b465ee728b)
Start importing Assets/Prefabs/Bulldog white.prefab using Guid(4a1289fb5fd104d3489262a6f24f282f) Importer(815301076,1909f56bfc062723c751e8b465ee728b)  -> (artifact id: '34dbaf30dcf0fef86707c7e851f9069b') in 0.025209 seconds
  Import took 0.028542 seconds .

========================================================================
Received Import Request.
  Time since last request: 3.212483 seconds.
  path: Assets/Prefabs/Bulldog white.prefab
  artifactKey: Guid(4a1289fb5fd104d3489262a6f24f282f) Importer(815301076,1909f56bfc062723c751e8b465ee728b)
Start importing Assets/Prefabs/Bulldog white.prefab using Guid(4a1289fb5fd104d3489262a6f24f282f) Importer(815301076,1909f56bfc062723c751e8b465ee728b)  -> (artifact id: '09a9bf23bb46e39c84bc0e06604f18e2') in 0.027401 seconds
  Import took 0.030741 seconds .

========================================================================
Received Import Request.
  Time since last request: 4.024688 seconds.
  path: Assets/Prefabs/Bulldog white.prefab
  artifactKey: Guid(4a1289fb5fd104d3489262a6f24f282f) Importer(815301076,1909f56bfc062723c751e8b465ee728b)
Start importing Assets/Prefabs/Bulldog white.prefab using Guid(4a1289fb5fd104d3489262a6f24f282f) Importer(815301076,1909f56bfc062723c751e8b465ee728b)  -> (artifact id: '5fbc7bc2ea5cc4d3cbfef1afb1951da8') in 0.027115 seconds
  Import took 0.030952 seconds .

========================================================================
Received Import Request.
  Time since last request: 4.203921 seconds.
  path: Assets/Prefabs/Bulldog white.prefab
  artifactKey: Guid(4a1289fb5fd104d3489262a6f24f282f) Importer(815301076,1909f56bfc062723c751e8b465ee728b)
Start importing Assets/Prefabs/Bulldog white.prefab using Guid(4a1289fb5fd104d3489262a6f24f282f) Importer(815301076,1909f56bfc062723c751e8b465ee728b)  -> (artifact id: '26cc53d8fc3de9452c88a7e434112ed2') in 0.027896 seconds
  Import took 0.031357 seconds .

========================================================================
Received Import Request.
  Time since last request: 5.637037 seconds.
  path: Assets/Prefabs/Bulldog white.prefab
  artifactKey: Guid(4a1289fb5fd104d3489262a6f24f282f) Importer(815301076,1909f56bfc062723c751e8b465ee728b)
Start importing Assets/Prefabs/Bulldog white.prefab using Guid(4a1289fb5fd104d3489262a6f24f282f) Importer(815301076,1909f56bfc062723c751e8b465ee728b)  -> (artifact id: 'ed45f86ea56c78f3f355f9fe77e31417') in 0.031634 seconds
  Import took 0.035034 seconds .

========================================================================
Received Import Request.
  Time since last request: 2.606216 seconds.
  path: Assets/Prefabs/Bulldog white.prefab
  artifactKey: Guid(4a1289fb5fd104d3489262a6f24f282f) Importer(815301076,1909f56bfc062723c751e8b465ee728b)
Start importing Assets/Prefabs/Bulldog white.prefab using Guid(4a1289fb5fd104d3489262a6f24f282f) Importer(815301076,1909f56bfc062723c751e8b465ee728b)  -> (artifact id: 'dcda4cdfd328edfb9e7da8d237c64224') in 0.031233 seconds
  Import took 0.035007 seconds .

========================================================================
Received Import Request.
  Time since last request: 11.972946 seconds.
  path: Assets/Prefabs/Bulldog white.prefab
  artifactKey: Guid(4a1289fb5fd104d3489262a6f24f282f) Importer(815301076,1909f56bfc062723c751e8b465ee728b)
Start importing Assets/Prefabs/Bulldog white.prefab using Guid(4a1289fb5fd104d3489262a6f24f282f) Importer(815301076,1909f56bfc062723c751e8b465ee728b)  -> (artifact id: '6fdf9c14279aaca58f3ba4dfb7d4452a') in 0.028269 seconds
  Import took 0.032035 seconds .

========================================================================
Received Import Request.
  Time since last request: 11.751216 seconds.
  path: Assets/Prefabs/Bulldog white.prefab
  artifactKey: Guid(4a1289fb5fd104d3489262a6f24f282f) Importer(815301076,1909f56bfc062723c751e8b465ee728b)
Start importing Assets/Prefabs/Bulldog white.prefab using Guid(4a1289fb5fd104d3489262a6f24f282f) Importer(815301076,1909f56bfc062723c751e8b465ee728b)  -> (artifact id: 'd18786d49fb3cbf355030c892021ba4f') in 0.030357 seconds
  Import took 0.033685 seconds .

========================================================================
Received Import Request.
  Time since last request: 4.230236 seconds.
  path: Assets/Prefabs/Bulldog white.prefab
  artifactKey: Guid(4a1289fb5fd104d3489262a6f24f282f) Importer(815301076,1909f56bfc062723c751e8b465ee728b)
Start importing Assets/Prefabs/Bulldog white.prefab using Guid(4a1289fb5fd104d3489262a6f24f282f) Importer(815301076,1909f56bfc062723c751e8b465ee728b)  -> (artifact id: '0aac9fb0f872e8c250004e097a90f6ac') in 0.027500 seconds
  Import took 0.030872 seconds .

========================================================================
Received Import Request.
  Time since last request: 5.863156 seconds.
  path: Assets/Prefabs/Bulldog white.prefab
  artifactKey: Guid(4a1289fb5fd104d3489262a6f24f282f) Importer(815301076,1909f56bfc062723c751e8b465ee728b)
Start importing Assets/Prefabs/Bulldog white.prefab using Guid(4a1289fb5fd104d3489262a6f24f282f) Importer(815301076,1909f56bfc062723c751e8b465ee728b)  -> (artifact id: '26badcd6cc903e08cdea752dd9e98505') in 0.029213 seconds
  Import took 0.032644 seconds .

========================================================================
Received Import Request.
  Time since last request: 9.935552 seconds.
  path: Assets/Prefabs/Bulldog white.prefab
  artifactKey: Guid(4a1289fb5fd104d3489262a6f24f282f) Importer(815301076,1909f56bfc062723c751e8b465ee728b)
Start importing Assets/Prefabs/Bulldog white.prefab using Guid(4a1289fb5fd104d3489262a6f24f282f) Importer(815301076,1909f56bfc062723c751e8b465ee728b)  -> (artifact id: 'bc40f0fae40d6d5693ce24125217225a') in 0.031389 seconds
  Import took 0.035448 seconds .

========================================================================
Received Import Request.
  Time since last request: 5.034778 seconds.
  path: Assets/Prefabs/Bulldog white.prefab
  artifactKey: Guid(4a1289fb5fd104d3489262a6f24f282f) Importer(815301076,1909f56bfc062723c751e8b465ee728b)
Start importing Assets/Prefabs/Bulldog white.prefab using Guid(4a1289fb5fd104d3489262a6f24f282f) Importer(815301076,1909f56bfc062723c751e8b465ee728b)  -> (artifact id: '6510653587c33837f0528d541f0cb4a2') in 0.027225 seconds
  Import took 0.030616 seconds .

========================================================================
Received Import Request.
  Time since last request: 6.459414 seconds.
  path: Assets/Prefabs/Bulldog white.prefab
  artifactKey: Guid(4a1289fb5fd104d3489262a6f24f282f) Importer(815301076,1909f56bfc062723c751e8b465ee728b)
Start importing Assets/Prefabs/Bulldog white.prefab using Guid(4a1289fb5fd104d3489262a6f24f282f) Importer(815301076,1909f56bfc062723c751e8b465ee728b)  -> (artifact id: 'df2e85fed7873d063aaedcf18586766d') in 0.028497 seconds
  Import took 0.032083 seconds .

========================================================================
Received Import Request.
  Time since last request: 13.785989 seconds.
  path: Assets/Prefabs/Bulldog white.prefab
  artifactKey: Guid(4a1289fb5fd104d3489262a6f24f282f) Importer(815301076,1909f56bfc062723c751e8b465ee728b)
Start importing Assets/Prefabs/Bulldog white.prefab using Guid(4a1289fb5fd104d3489262a6f24f282f) Importer(815301076,1909f56bfc062723c751e8b465ee728b)  -> (artifact id: '7eca26a3ed013f50a70e84bbaba3dd98') in 0.029210 seconds
  Import took 0.032669 seconds .

========================================================================
Received Import Request.
  Time since last request: 2.814151 seconds.
  path: Assets/Prefabs/Bulldog white.prefab
  artifactKey: Guid(4a1289fb5fd104d3489262a6f24f282f) Importer(815301076,1909f56bfc062723c751e8b465ee728b)
Start importing Assets/Prefabs/Bulldog white.prefab using Guid(4a1289fb5fd104d3489262a6f24f282f) Importer(815301076,1909f56bfc062723c751e8b465ee728b)  -> (artifact id: '69c470703ede015dd7316ba2855713f1') in 0.027211 seconds
  Import took 0.030630 seconds .

========================================================================
Received Import Request.
  Time since last request: 0.780850 seconds.
  path: Assets/Prefabs/Bulldog white.prefab
  artifactKey: Guid(4a1289fb5fd104d3489262a6f24f282f) Importer(815301076,1909f56bfc062723c751e8b465ee728b)
Start importing Assets/Prefabs/Bulldog white.prefab using Guid(4a1289fb5fd104d3489262a6f24f282f) Importer(815301076,1909f56bfc062723c751e8b465ee728b)  -> (artifact id: '982f3a63ca7cc10b78ed4cae0543d718') in 0.027358 seconds
  Import took 0.030704 seconds .

========================================================================
Received Import Request.
  Time since last request: 6.272562 seconds.
  path: Assets/Prefabs/Bulldog white.prefab
  artifactKey: Guid(4a1289fb5fd104d3489262a6f24f282f) Importer(815301076,1909f56bfc062723c751e8b465ee728b)
Start importing Assets/Prefabs/Bulldog white.prefab using Guid(4a1289fb5fd104d3489262a6f24f282f) Importer(815301076,1909f56bfc062723c751e8b465ee728b)  -> (artifact id: 'bcd99e03223fdd37b2616183285e1332') in 0.031230 seconds
  Import took 0.034456 seconds .

========================================================================
Received Import Request.
  Time since last request: 4.862258 seconds.
  path: Assets/Prefabs/Bulldog white.prefab
  artifactKey: Guid(4a1289fb5fd104d3489262a6f24f282f) Importer(815301076,1909f56bfc062723c751e8b465ee728b)
Start importing Assets/Prefabs/Bulldog white.prefab using Guid(4a1289fb5fd104d3489262a6f24f282f) Importer(815301076,1909f56bfc062723c751e8b465ee728b)  -> (artifact id: 'dcc3d34f676b6ffc1c414aa3f49914d7') in 0.027463 seconds
  Import took 0.030731 seconds .

========================================================================
Received Import Request.
  Time since last request: 4.032170 seconds.
  path: Assets/Prefabs/Bulldog white.prefab
  artifactKey: Guid(4a1289fb5fd104d3489262a6f24f282f) Importer(815301076,1909f56bfc062723c751e8b465ee728b)
Start importing Assets/Prefabs/Bulldog white.prefab using Guid(4a1289fb5fd104d3489262a6f24f282f) Importer(815301076,1909f56bfc062723c751e8b465ee728b)  -> (artifact id: 'd0b52f44d912f14fabb9a6a090807e94') in 0.028274 seconds
  Import took 0.031531 seconds .

========================================================================
Received Import Request.
  Time since last request: 13.743809 seconds.
  path: Assets/Prefabs/Bulldog white.prefab
  artifactKey: Guid(4a1289fb5fd104d3489262a6f24f282f) Importer(815301076,1909f56bfc062723c751e8b465ee728b)
Start importing Assets/Prefabs/Bulldog white.prefab using Guid(4a1289fb5fd104d3489262a6f24f282f) Importer(815301076,1909f56bfc062723c751e8b465ee728b)  -> (artifact id: 'cd19bcd7a69a8b1ae5c2f80001bace16') in 0.032702 seconds
  Import took 0.036342 seconds .

========================================================================
Received Import Request.
  Time since last request: 6.246068 seconds.
  path: Assets/Prefabs/Bulldog white.prefab
  artifactKey: Guid(4a1289fb5fd104d3489262a6f24f282f) Importer(815301076,1909f56bfc062723c751e8b465ee728b)
Start importing Assets/Prefabs/Bulldog white.prefab using Guid(4a1289fb5fd104d3489262a6f24f282f) Importer(815301076,1909f56bfc062723c751e8b465ee728b)  -> (artifact id: 'b90750b65780e8c1d975062004dfd970') in 0.029103 seconds
  Import took 0.032739 seconds .

========================================================================
Received Prepare
Registering precompiled user dll's ...
Registered in 0.001146 seconds.
Begin MonoManager ReloadAssembly
Native extension for OSXStandalone target not found
Native extension for WebGL target not found
Refreshing native plugins compatible for Editor in 0.33 ms, found 2 plugins.
Preloading 0 native plugins for Editor in 0.00 ms.
Mono: successfully reloaded assembly
- Completed reload, in  0.976 seconds
Platform modules already initialized, skipping
Refreshing native plugins compatible for Editor in 0.31 ms, found 2 plugins.
Preloading 0 native plugins for Editor in 0.00 ms.
Unloading 1825 Unused Serialized files (Serialized files now loaded: 0)
System memory in use before: 174.3 MB.
System memory in use after: 174.3 MB.

Unloading 12 unused Assets to reduce memory usage. Loaded Objects now: 2354.
Total: 2.075913 ms (FindLiveObjects: 0.311763 ms CreateObjectMapping: 0.073155 ms MarkObjects: 1.584037 ms  DeleteObjects: 0.106237 ms)

========================================================================
Received Prepare
Registering precompiled user dll's ...
Registered in 0.000523 seconds.
Begin MonoManager ReloadAssembly
Native extension for OSXStandalone target not found
Native extension for WebGL target not found
Refreshing native plugins compatible for Editor in 0.32 ms, found 2 plugins.
Preloading 0 native plugins for Editor in 0.00 ms.
Mono: successfully reloaded assembly
- Completed reload, in  0.970 seconds
Platform modules already initialized, skipping
Refreshing native plugins compatible for Editor in 0.31 ms, found 2 plugins.
Preloading 0 native plugins for Editor in 0.00 ms.
Unloading 1825 Unused Serialized files (Serialized files now loaded: 0)
System memory in use before: 174.5 MB.
System memory in use after: 174.5 MB.

Unloading 12 unused Assets to reduce memory usage. Loaded Objects now: 2358.
Total: 1.814945 ms (FindLiveObjects: 0.218147 ms CreateObjectMapping: 0.060219 ms MarkObjects: 1.446151 ms  DeleteObjects: 0.088970 ms)

========================================================================
Received Prepare
Registering precompiled user dll's ...
Registered in 0.000545 seconds.
Begin MonoManager ReloadAssembly
Native extension for OSXStandalone target not found
Native extension for WebGL target not found
Refreshing native plugins compatible for Editor in 0.32 ms, found 2 plugins.
Preloading 0 native plugins for Editor in 0.00 ms.
Mono: successfully reloaded assembly
- Completed reload, in  0.953 seconds
Platform modules already initialized, skipping
Refreshing native plugins compatible for Editor in 0.31 ms, found 2 plugins.
Preloading 0 native plugins for Editor in 0.00 ms.
Unloading 1825 Unused Serialized files (Serialized files now loaded: 0)
System memory in use before: 174.7 MB.
System memory in use after: 174.7 MB.

Unloading 12 unused Assets to reduce memory usage. Loaded Objects now: 2362.
Total: 1.890510 ms (FindLiveObjects: 0.251636 ms CreateObjectMapping: 0.054957 ms MarkObjects: 1.494225 ms  DeleteObjects: 0.089048 ms)

========================================================================
Received Prepare
Registering precompiled user dll's ...
Registered in 0.000558 seconds.
Begin MonoManager ReloadAssembly
Native extension for OSXStandalone target not found
Native extension for WebGL target not found
Refreshing native plugins compatible for Editor in 0.33 ms, found 2 plugins.
Preloading 0 native plugins for Editor in 0.00 ms.
Mono: successfully reloaded assembly
- Completed reload, in  0.924 seconds
Platform modules already initialized, skipping
Refreshing native plugins compatible for Editor in 0.32 ms, found 2 plugins.
Preloading 0 native plugins for Editor in 0.00 ms.
Unloading 1825 Unused Serialized files (Serialized files now loaded: 0)
System memory in use before: 174.9 MB.
System memory in use after: 174.9 MB.

Unloading 12 unused Assets to reduce memory usage. Loaded Objects now: 2366.
Total: 2.478721 ms (FindLiveObjects: 0.370645 ms CreateObjectMapping: 0.129754 ms MarkObjects: 1.864064 ms  DeleteObjects: 0.112534 ms)

========================================================================
Received Prepare
Registering precompiled user dll's ...
Registered in 0.000522 seconds.
Begin MonoManager ReloadAssembly
Native extension for OSXStandalone target not found
Native extension for WebGL target not found
Refreshing native plugins compatible for Editor in 0.32 ms, found 2 plugins.
Preloading 0 native plugins for Editor in 0.00 ms.
Mono: successfully reloaded assembly
- Completed reload, in  0.949 seconds
Platform modules already initialized, skipping
Refreshing native plugins compatible for Editor in 0.31 ms, found 2 plugins.
Preloading 0 native plugins for Editor in 0.00 ms.
Unloading 1825 Unused Serialized files (Serialized files now loaded: 0)
System memory in use before: 175.1 MB.
System memory in use after: 175.1 MB.

Unloading 12 unused Assets to reduce memory usage. Loaded Objects now: 2370.
Total: 2.036231 ms (FindLiveObjects: 0.394473 ms CreateObjectMapping: 0.066124 ms MarkObjects: 1.484264 ms  DeleteObjects: 0.090629 ms)

========================================================================
Received Prepare
Registering precompiled user dll's ...
Registered in 0.000665 seconds.
Begin MonoManager ReloadAssembly
Native extension for OSXStandalone target not found
Native extension for WebGL target not found
Refreshing native plugins compatible for Editor in 0.32 ms, found 2 plugins.
Preloading 0 native plugins for Editor in 0.00 ms.
Mono: successfully reloaded assembly
- Completed reload, in  0.966 seconds
Platform modules already initialized, skipping
Refreshing native plugins compatible for Editor in 0.32 ms, found 2 plugins.
Preloading 0 native plugins for Editor in 0.00 ms.
Unloading 1825 Unused Serialized files (Serialized files now loaded: 0)
System memory in use before: 175.3 MB.
System memory in use after: 175.3 MB.

Unloading 12 unused Assets to reduce memory usage. Loaded Objects now: 2374.
Total: 1.848090 ms (FindLiveObjects: 0.215188 ms CreateObjectMapping: 0.061690 ms MarkObjects: 1.476476 ms  DeleteObjects: 0.093786 ms)

========================================================================
Received Prepare
Refreshing native plugins compatible for Editor in 1.16 ms, found 2 plugins.
Preloading 0 native plugins for Editor in 0.00 ms.
Unloading 10 Unused Serialized files (Serialized files now loaded: 0)
System memory in use before: 139.5 MB.
System memory in use after: 139.5 MB.

Unloading 10 unused Assets to reduce memory usage. Loaded Objects now: 2374.
Total: 2.886599 ms (FindLiveObjects: 0.318354 ms CreateObjectMapping: 0.118095 ms MarkObjects: 2.301949 ms  DeleteObjects: 0.146094 ms)

========================================================================
Received Prepare
Registering precompiled user dll's ...
Registered in 0.000621 seconds.
Begin MonoManager ReloadAssembly
Native extension for OSXStandalone target not found
Native extension for WebGL target not found
Refreshing native plugins compatible for Editor in 0.47 ms, found 2 plugins.
Preloading 0 native plugins for Editor in 0.00 ms.
Mono: successfully reloaded assembly
- Completed reload, in  1.268 seconds
Platform modules already initialized, skipping
Refreshing native plugins compatible for Editor in 0.36 ms, found 2 plugins.
Preloading 0 native plugins for Editor in 0.00 ms.
Unloading 1825 Unused Serialized files (Serialized files now loaded: 0)
System memory in use before: 175.8 MB.
System memory in use after: 175.8 MB.

Unloading 12 unused Assets to reduce memory usage. Loaded Objects now: 2378.
Total: 2.297781 ms (FindLiveObjects: 0.289217 ms CreateObjectMapping: 0.093114 ms MarkObjects: 1.784668 ms  DeleteObjects: 0.129739 ms)

========================================================================
Received Import Request.
  Time since last request: 13561.058168 seconds.
  path: Assets/Scenes/Run.unity
  artifactKey: Guid(2cda990e2423bbf4892e6590ba056729) Importer(815301076,1909f56bfc062723c751e8b465ee728b)
Start importing Assets/Scenes/Run.unity using Guid(2cda990e2423bbf4892e6590ba056729) Importer(815301076,1909f56bfc062723c751e8b465ee728b)  -> (artifact id: '2ac071ff6e1cc3f67c46caa987e7d3b5') in 0.013318 seconds
  Import took 0.017776 seconds .

========================================================================
Received Import Request.
  Time since last request: 0.003003 seconds.
  path: Assets/Scenes/Run.unity
  artifactKey: Guid(2cda990e2423bbf4892e6590ba056729) Importer(815301076,1909f56bfc062723c751e8b465ee728b)
Start importing Assets/Scenes/Run.unity using Guid(2cda990e2423bbf4892e6590ba056729) Importer(815301076,1909f56bfc062723c751e8b465ee728b)  -> (artifact id: '2ac071ff6e1cc3f67c46caa987e7d3b5') in 0.001107 seconds
  Import took 0.004772 seconds .

========================================================================
Received Import Request.
  Time since last request: 3.309752 seconds.
  path: Assets/Scenes/Menu.unity
  artifactKey: Guid(6d39d4467f6464bc1a90869d88f24d7c) Importer(815301076,1909f56bfc062723c751e8b465ee728b)
Start importing Assets/Scenes/Menu.unity using Guid(6d39d4467f6464bc1a90869d88f24d7c) Importer(815301076,1909f56bfc062723c751e8b465ee728b)  -> (artifact id: '9199cd95df999a09bb1a75ab208d57a2') in 0.001612 seconds
  Import took 0.006268 seconds .

========================================================================
Received Prepare
Registering precompiled user dll's ...
Registered in 0.000564 seconds.
Begin MonoManager ReloadAssembly
Native extension for OSXStandalone target not found
Native extension for WebGL target not found
Refreshing native plugins compatible for Editor in 0.33 ms, found 2 plugins.
Preloading 0 native plugins for Editor in 0.00 ms.
Mono: successfully reloaded assembly
- Completed reload, in  1.071 seconds
Platform modules already initialized, skipping
Refreshing native plugins compatible for Editor in 0.41 ms, found 2 plugins.
Preloading 0 native plugins for Editor in 0.00 ms.
Unloading 1825 Unused Serialized files (Serialized files now loaded: 0)
System memory in use before: 176.1 MB.
System memory in use after: 176.1 MB.

Unloading 12 unused Assets to reduce memory usage. Loaded Objects now: 2382.
Total: 2.170148 ms (FindLiveObjects: 0.231752 ms CreateObjectMapping: 0.068366 ms MarkObjects: 1.759414 ms  DeleteObjects: 0.109584 ms)

